#
# A fatal error has been detected by the Java Runtime Environment:
#
#  EXCEPTION_ACCESS_VIOLATION (0xc0000005) at pc=0x00007ff8a03ec1c4, pid=27952, tid=33160
#
# JRE version: Java(TM) SE Runtime Environment (21.0+35) (build 21+35-LTS-2513)
# Java VM: Java HotSpot(TM) 64-Bit Server VM (21+35-LTS-2513, mixed mode, sharing, tiered, compressed oops, compressed class ptrs, g1 gc, windows-amd64)
# Problematic frame:
# C  [cyjagent.dll+0xc1c4]
#
# No core dump will be written. Minidumps are not enabled by default on client versions of Windows
#
# If you would like to submit a bug report, please visit:
#   https://bugreport.java.com/bugreport/crash.jsp
# The crash happened outside the Java Virtual Machine in native code.
# See problematic frame for where to report the bug.
#

---------------  S U M M A R Y ------------

Command Line: -javaagent:C:\Program Files (x86)\JetBrains\IntelliJ IDEA Community Edition 2023.2.2\lib\idea_rt.jar=63368:C:\Program Files (x86)\JetBrains\IntelliJ IDEA Community Edition 2023.2.2\bin -Dfile.encoding=UTF-8 -Dsun.stdout.encoding=UTF-8 -Dsun.stderr.encoding=UTF-8 -agentpath:C:\Program Files\Palo Alto Networks\Traps\cyjagent.dll Homework.Main

Host: 12th Gen Intel(R) Core(TM) i5-1235U, 12 cores, 15G,  Windows 10 , 64 bit Build 19041 (10.0.19041.3393)
Time: Sun Oct 15 20:22:53 2023 Azerbaijan Standard Time elapsed time: 0.274358 seconds (0d 0h 0m 0s)

---------------  T H R E A D  ---------------

Current thread (0x0000013d73777630):  JavaThread "Monitor Ctrl-Break" daemon [_thread_in_native, id=33160, stack(0x0000000fece00000,0x0000000fecf00000) (1024K)]

Stack: [0x0000000fece00000,0x0000000fecf00000],  sp=0x0000000fecefe560,  free space=1017k
Native frames: (J=compiled Java code, j=interpreted, Vv=VM code, C=native code)
C  [cyjagent.dll+0xc1c4]

Java frames: (J=compiled Java code, j=interpreted, Vv=VM code)
j  sun.nio.cs.US_ASCII.newDecoder()Ljava/nio/charset/CharsetDecoder;+0 java.base@21
j  sun.nio.cs.StreamDecoder.<init>(Ljava/io/InputStream;Ljava/lang/Object;Ljava/nio/charset/Charset;)V+4 java.base@21
j  sun.nio.cs.StreamDecoder.forInputStreamReader(Ljava/io/InputStream;Ljava/lang/Object;Ljava/lang/String;)Lsun/nio/cs/StreamDecoder;+10 java.base@21
j  java.io.InputStreamReader.<init>(Ljava/io/InputStream;Ljava/lang/String;)V+26 java.base@21
j  com.intellij.rt.execution.application.AppMainV2$1.run()V+28
v  ~StubRoutines::call_stub 0x0000013d6374100d

siginfo: EXCEPTION_ACCESS_VIOLATION (0xc0000005), reading address 0x0000000000000000


Registers:
RAX=0x0000000000000000, RBX=0x0000013d737779e8, RCX=0x0000000000000000, RDX=0x0000013d5161d3a0
RSP=0x0000000fecefe560, RBP=0x0000013d537af8d0, RSI=0x0000000000000000, RDI=0x0000013d73872fc8
R8 =0x0000000fecefe3a8, R9 =0x0000013d537af8d0, R10=0x0000000000000000, R11=0x0000000000000246
R12=0x0000013d73872fc8, R13=0x0000013d73872610, R14=0x0000013d73777630, R15=0x0000000000000000
RIP=0x00007ff8a03ec1c4, EFLAGS=0x0000000000010202


Register to memory mapping:

RAX=0x0 is null
RBX=0x0000013d737779e8 points into unknown readable memory: 0x00007ff81cfda600 | 00 a6 fd 1c f8 7f 00 00
RCX=0x0 is null
RDX=0x0000013d5161d3a0 points into unknown readable memory: 0x0000013d73777630 | 30 76 77 73 3d 01 00 00
RSP=0x0000000fecefe560 is pointing into the stack for thread: 0x0000013d73777630
RBP=0x0000013d537af8d0 points into unknown readable memory: 0x0000013d536d2740 | 40 27 6d 53 3d 01 00 00
RSI=0x0 is null
RDI=0x0000013d73872fc8 points into unknown readable memory: 0x2f6f696e2f6e7573 | 73 75 6e 2f 6e 69 6f 2f
R8 =0x0000000fecefe3a8 is pointing into the stack for thread: 0x0000013d73777630
R9 =0x0000013d537af8d0 points into unknown readable memory: 0x0000013d536d2740 | 40 27 6d 53 3d 01 00 00
R10=0x0 is null
R11=0x0000000000000246 is an unknown value
R12=0x0000013d73872fc8 points into unknown readable memory: 0x2f6f696e2f6e7573 | 73 75 6e 2f 6e 69 6f 2f
R13=0x0000013d73872610 points into unknown readable memory: 0x0000000000000000 | 00 00 00 00 00 00 00 00
R14=0x0000013d73777630 is a thread
R15=0x0 is null

Top of Stack: (sp=0x0000000fecefe560)
0x0000000fecefe560:   0000013d73872fc8 0000013d737779e8
0x0000000fecefe570:   0000000000000029 0000000700000029
0x0000000fecefe580:   0000000000000000 00000000ffffffff
0x0000000fecefe590:   0000013d004f1df8 0000013d537af8d0
0x0000000fecefe5a0:   000000000000001b 0000000fecefe780
0x0000000fecefe5b0:   0000013d516eca70 0000000000000000
0x0000000fecefe5c0:   0000000fecefe7b8 00007ff81c9afdee
0x0000000fecefe5d0:   0000013d516eca70 0000000000000000
0x0000000fecefe5e0:   0000000fecefe780 0000000000000000
0x0000000fecefe5f0:   0000013d73872fc8 0000000000000000
0x0000000fecefe600:   0000013d00000978 0000013d73872620
0x0000000fecefe610:   0000000fecefe708 0000000fecefe628
0x0000000fecefe620:   0000000000000000 0000000000000000
0x0000000fecefe630:   0000000000000000 0000000000000004
0x0000000fecefe640:   0000013d736b8410 0000013d73872610
0x0000000fecefe650:   0000013d73872fe8 0000013d7387a5f8
0x0000000fecefe660:   00000000000083b0 0000013d73777630
0x0000000fecefe670:   0000013d73777630 0000013d736b7c50
0x0000000fecefe680:   0000013d735bb8a0 0000013d735bb8b8
0x0000000fecefe690:   0000013d735bb988 00000000000000d8
0x0000000fecefe6a0:   0000000fecefe898 0000000000000060
0x0000000fecefe6b0:   0000000000000070 0000013d73872610
0x0000000fecefe6c0:   0000000000000003 0000013d516eca70
0x0000000fecefe6d0:   0000000fecefe780 0000013d736b8410
0x0000000fecefe6e0:   0000000000000020 00007ff81c9a7822
0x0000000fecefe6f0:   0000013d73579501 0000000f00000000
0x0000000fecefe700:   0000013d63757801 0000000000000000
0x0000000fecefe710:   0000013d736b8410 0000013d004f1df8
0x0000000fecefe720:   0000000fecefeb40 0000013d735795b0
0x0000000fecefe730:   0000000000000000 00007ff81c9a791b
0x0000000fecefe740:   0000000fecefe848 0000000000000000
0x0000000fecefe750:   0000013d73872610 0000013d735795b0 

Instructions: (pc=0x00007ff8a03ec1c4)
0x00007ff8a03ec0c4:   00 00 03 72 2d 44 8b ce 48 8d 05 3d e0 01 00 ba
0x00007ff8a03ec0d4:   2f 00 00 00 4e 8b 0c c8 48 8b 89 b0 02 00 00 4c
0x00007ff8a03ec0e4:   8d 05 56 df 01 00 e8 51 50 ff ff 48 8b 0d ea 38
0x00007ff8a03ec0f4:   02 00 48 3b cb 74 68 f6 81 bc 02 00 00 10 74 5f
0x00007ff8a03ec104:   80 b9 b9 02 00 00 02 72 56 4c 8b 8c 24 90 00 00
0x00007ff8a03ec114:   00 4c 8d 05 24 df 01 00 48 8b 89 b0 02 00 00 ba
0x00007ff8a03ec124:   31 00 00 00 e8 13 50 ff ff eb 34 49 8b 0f 4c 8b
0x00007ff8a03ec134:   c3 48 8b d6 e8 d3 63 00 00 48 8b 84 24 b0 00 00
0x00007ff8a03ec144:   00 89 18 48 8b 0d 6a 4c 02 00 4c 8b c6 33 d2 ff
0x00007ff8a03ec154:   15 97 50 01 00 eb 08 a8 02 75 04 c6 47 40 01 b8
0x00007ff8a03ec164:   ff ff ff ff f0 0f c1 47 10 4c 8b b4 24 88 00 00
0x00007ff8a03ec174:   00 83 f8 01 75 42 48 8b 4f 18 48 81 c1 70 01 00
0x00007ff8a03ec184:   00 ff 15 1d 51 01 00 48 8b 0f 48 8b 47 08 48 89
0x00007ff8a03ec194:   08 48 89 41 08 48 8b 4f 18 48 81 c1 70 01 00 00
0x00007ff8a03ec1a4:   ff 15 06 51 01 00 48 8b 0d 07 4c 02 00 4c 8b c7
0x00007ff8a03ec1b4:   33 d2 ff 15 34 50 01 00 48 8b 4d 20 48 8b 55 10
0x00007ff8a03ec1c4:   48 8b 01 48 8b 80 08 01 00 00 ff 15 0c 51 01 00
0x00007ff8a03ec1d4:   85 c0 74 40 48 8b 0d 01 38 02 00 48 8d 15 fa 37
0x00007ff8a03ec1e4:   02 00 48 3b ca 74 2d f6 81 bc 02 00 00 10 74 24
0x00007ff8a03ec1f4:   80 b9 b9 02 00 00 03 72 1b 48 8b 89 b0 02 00 00
0x00007ff8a03ec204:   4c 8d 05 35 de 01 00 ba 15 00 00 00 44 8b c8 e8
0x00007ff8a03ec214:   68 4e ff ff 48 8b 6c 24 78 48 8b b4 24 80 00 00
0x00007ff8a03ec224:   00 48 83 c4 50 41 5f 5f 5b c3 cc cc 40 57 48 83
0x00007ff8a03ec234:   ec 30 f6 81 78 01 00 00 04 48 8b f9 0f 85 87 02
0x00007ff8a03ec244:   00 00 48 89 5c 24 40 45 33 c9 48 89 6c 24 48 33
0x00007ff8a03ec254:   d2 48 89 74 24 50 48 8b 71 20 45 8d 41 32 48 8b
0x00007ff8a03ec264:   ce 48 8b 06 48 8b 40 08 ff 15 6e 50 01 00 48 8d
0x00007ff8a03ec274:   2d 67 37 02 00 85 c0 74 37 48 8b 0d 5c 37 02 00
0x00007ff8a03ec284:   48 3b cd 74 2b f6 81 bc 02 00 00 10 74 22 80 b9
0x00007ff8a03ec294:   b9 02 00 00 02 72 19 48 8b 89 b0 02 00 00 ba 11
0x00007ff8a03ec2a4:   00 00 00 89 44 24 20 44 8d 4a 21 e8 7c dc ff ff
0x00007ff8a03ec2b4:   48 8b 06 45 33 c9 33 d2 48 8b ce 48 8b 40 08 45 


Stack slot to memory mapping:

stack at sp + 0 slots: 0x0000013d73872fc8 points into unknown readable memory: 0x2f6f696e2f6e7573 | 73 75 6e 2f 6e 69 6f 2f
stack at sp + 1 slots: 0x0000013d737779e8 points into unknown readable memory: 0x00007ff81cfda600 | 00 a6 fd 1c f8 7f 00 00
stack at sp + 2 slots: 0x0000000000000029 is an unknown value
stack at sp + 3 slots: 0x0000000700000029 is an unknown value
stack at sp + 4 slots: 0x0 is null
stack at sp + 5 slots: 0x00000000ffffffff is an unknown value
stack at sp + 6 slots: 0x0000013d004f1df8 is pointing into metadata
stack at sp + 7 slots: 0x0000013d537af8d0 points into unknown readable memory: 0x0000013d536d2740 | 40 27 6d 53 3d 01 00 00


---------------  P R O C E S S  ---------------

Threads class SMR info:
_java_thread_list=0x0000013d73783840, length=11, elements={
0x0000013d73348fb0, 0x0000013d73349c10, 0x0000013d7334a870, 0x0000013d73573d30,
0x0000013d73574790, 0x0000013d7357a630, 0x0000013d7357b3c0, 0x0000013d7357e610,
0x0000013d73686ec0, 0x0000013d73777630, 0x0000013d7377ec40
}

Java Threads: ( => current thread )
  0x0000013d73348fb0 JavaThread "Reference Handler"          daemon [_thread_blocked, id=27912, stack(0x0000000fec500000,0x0000000fec600000) (1024K)]
  0x0000013d73349c10 JavaThread "Finalizer"                  daemon [_thread_blocked, id=15860, stack(0x0000000fec600000,0x0000000fec700000) (1024K)]
  0x0000013d7334a870 JavaThread "Signal Dispatcher"          daemon [_thread_blocked, id=27816, stack(0x0000000fec700000,0x0000000fec800000) (1024K)]
  0x0000013d73573d30 JavaThread "Attach Listener"            daemon [_thread_blocked, id=28448, stack(0x0000000fec800000,0x0000000fec900000) (1024K)]
  0x0000013d73574790 JavaThread "Service Thread"             daemon [_thread_blocked, id=31900, stack(0x0000000fec900000,0x0000000feca00000) (1024K)]
  0x0000013d7357a630 JavaThread "Monitor Deflation Thread"   daemon [_thread_blocked, id=1556, stack(0x0000000feca00000,0x0000000fecb00000) (1024K)]
  0x0000013d7357b3c0 JavaThread "C2 CompilerThread0"         daemon [_thread_blocked, id=5712, stack(0x0000000fecb00000,0x0000000fecc00000) (1024K)]
  0x0000013d7357e610 JavaThread "C1 CompilerThread0"         daemon [_thread_blocked, id=21208, stack(0x0000000fecc00000,0x0000000fecd00000) (1024K)]
  0x0000013d73686ec0 JavaThread "Common-Cleaner"             daemon [_thread_blocked, id=22956, stack(0x0000000fecd00000,0x0000000fece00000) (1024K)]
=>0x0000013d73777630 JavaThread "Monitor Ctrl-Break"         daemon [_thread_in_native, id=33160, stack(0x0000000fece00000,0x0000000fecf00000) (1024K)]
  0x0000013d7377ec40 JavaThread "Notification Thread"        daemon [_thread_blocked, id=6304, stack(0x0000000fecf00000,0x0000000fed000000) (1024K)]
Total: 11

Other Threads:
  0x0000013d733229a0 VMThread "VM Thread"                           [id=25384, stack(0x0000000fec400000,0x0000000fec500000) (1024K)] _threads_hazard_ptr=0x0000013d73783840
  0x0000013d53e42300 WorkerThread "GC Thread#0"                     [id=26524, stack(0x0000000febc00000,0x0000000febd00000) (1024K)]
  0x0000013d53e52ef0 ConcurrentGCThread "G1 Main Marker"            terminated
  0x0000013d53e53900 WorkerThread "G1 Conc#0"                       [id=25328, stack(0x0000000fec000000,0x0000000fec100000) (1024K)]
  0x0000013d731d2050 ConcurrentGCThread "G1 Refine#0"               terminated
  0x0000013d731d2ad0 ConcurrentGCThread "G1 Service"                terminated
Total: 6

Threads with active compile tasks:
C2 CompilerThread0      477  253       4       jdk.internal.org.objectweb.asm.ByteVector::putUTF8 (144 bytes)
Total: 1

VM state: at safepoint (normal execution)

VM Mutex/Monitor currently owned by a thread:  ([mutex/lock_event])
[0x00007ff81d058548] Threads_lock - owner thread: 0x0000013d733229a0
[0x00007ff81d058648] Heap_lock - owner thread: 0x0000013d53dd8620

Heap address: 0x0000000704a00000, size: 4022 MB, Compressed Oops mode: Zero based, Oop shift amount: 3

CDS archive(s) mapped at: [0x0000013d00000000-0x0000013d00c90000-0x0000013d00c90000), size 13172736, SharedBaseAddress: 0x0000013d00000000, ArchiveRelocationMode: 1.
Compressed class space mapped at: 0x0000013d01000000-0x0000013d41000000, reserved size: 1073741824
Narrow klass base: 0x0000013d00000000, Narrow klass shift: 0, Narrow klass range: 0x100000000

GC Precious Log:
 CardTable entry size: 512
 Card Set container configuration: InlinePtr #cards 4 size 8 Array Of Cards #cards 16 size 48 Howl #buckets 8 coarsen threshold 3686 Howl Bitmap #cards 512 size 80 coarsen threshold 460 Card regions per heap region 1 cards per card region 4096
 CPUs: 12 total, 12 available
 Memory: 16083M
 Large Page Support: Disabled
 NUMA Support: Disabled
 Compressed Oops: Enabled (Zero based)
 Heap Region Size: 2M
 Heap Min Capacity: 8M
 Heap Initial Capacity: 252M
 Heap Max Capacity: 4022M
 Pre-touch: Disabled
 Parallel Workers: 10
 Concurrent Workers: 3
 Concurrent Refinement Workers: 10
 Periodic GC: Disabled

Heap:
 garbage-first heap   total 258048K, used 4096K [0x0000000704a00000, 0x0000000800000000)
  region size 2048K, 3 young (6144K), 0 survivors (0K)
 Metaspace       used 942K, committed 1088K, reserved 1114112K
  class space    used 74K, committed 128K, reserved 1048576K

Heap Regions: E=young(eden), S=young(survivor), O=old, HS=humongous(starts), HC=humongous(continues), CS=collection set, F=free, TAMS=top-at-mark-start, PB=parsable bottom
|   0|0x0000000704a00000, 0x0000000704a00000, 0x0000000704c00000|  0%| F|  |TAMS 0x0000000704a00000| PB 0x0000000704a00000| Untracked 
|   1|0x0000000704c00000, 0x0000000704c00000, 0x0000000704e00000|  0%| F|  |TAMS 0x0000000704c00000| PB 0x0000000704c00000| Untracked 
|   2|0x0000000704e00000, 0x0000000704e00000, 0x0000000705000000|  0%| F|  |TAMS 0x0000000704e00000| PB 0x0000000704e00000| Untracked 
|   3|0x0000000705000000, 0x0000000705000000, 0x0000000705200000|  0%| F|  |TAMS 0x0000000705000000| PB 0x0000000705000000| Untracked 
|   4|0x0000000705200000, 0x0000000705200000, 0x0000000705400000|  0%| F|  |TAMS 0x0000000705200000| PB 0x0000000705200000| Untracked 
|   5|0x0000000705400000, 0x0000000705400000, 0x0000000705600000|  0%| F|  |TAMS 0x0000000705400000| PB 0x0000000705400000| Untracked 
|   6|0x0000000705600000, 0x0000000705600000, 0x0000000705800000|  0%| F|  |TAMS 0x0000000705600000| PB 0x0000000705600000| Untracked 
|   7|0x0000000705800000, 0x0000000705800000, 0x0000000705a00000|  0%| F|  |TAMS 0x0000000705800000| PB 0x0000000705800000| Untracked 
|   8|0x0000000705a00000, 0x0000000705a00000, 0x0000000705c00000|  0%| F|  |TAMS 0x0000000705a00000| PB 0x0000000705a00000| Untracked 
|   9|0x0000000705c00000, 0x0000000705c00000, 0x0000000705e00000|  0%| F|  |TAMS 0x0000000705c00000| PB 0x0000000705c00000| Untracked 
|  10|0x0000000705e00000, 0x0000000705e00000, 0x0000000706000000|  0%| F|  |TAMS 0x0000000705e00000| PB 0x0000000705e00000| Untracked 
|  11|0x0000000706000000, 0x0000000706000000, 0x0000000706200000|  0%| F|  |TAMS 0x0000000706000000| PB 0x0000000706000000| Untracked 
|  12|0x0000000706200000, 0x0000000706200000, 0x0000000706400000|  0%| F|  |TAMS 0x0000000706200000| PB 0x0000000706200000| Untracked 
|  13|0x0000000706400000, 0x0000000706400000, 0x0000000706600000|  0%| F|  |TAMS 0x0000000706400000| PB 0x0000000706400000| Untracked 
|  14|0x0000000706600000, 0x0000000706600000, 0x0000000706800000|  0%| F|  |TAMS 0x0000000706600000| PB 0x0000000706600000| Untracked 
|  15|0x0000000706800000, 0x0000000706800000, 0x0000000706a00000|  0%| F|  |TAMS 0x0000000706800000| PB 0x0000000706800000| Untracked 
|  16|0x0000000706a00000, 0x0000000706a00000, 0x0000000706c00000|  0%| F|  |TAMS 0x0000000706a00000| PB 0x0000000706a00000| Untracked 
|  17|0x0000000706c00000, 0x0000000706c00000, 0x0000000706e00000|  0%| F|  |TAMS 0x0000000706c00000| PB 0x0000000706c00000| Untracked 
|  18|0x0000000706e00000, 0x0000000706e00000, 0x0000000707000000|  0%| F|  |TAMS 0x0000000706e00000| PB 0x0000000706e00000| Untracked 
|  19|0x0000000707000000, 0x0000000707000000, 0x0000000707200000|  0%| F|  |TAMS 0x0000000707000000| PB 0x0000000707000000| Untracked 
|  20|0x0000000707200000, 0x0000000707200000, 0x0000000707400000|  0%| F|  |TAMS 0x0000000707200000| PB 0x0000000707200000| Untracked 
|  21|0x0000000707400000, 0x0000000707400000, 0x0000000707600000|  0%| F|  |TAMS 0x0000000707400000| PB 0x0000000707400000| Untracked 
|  22|0x0000000707600000, 0x0000000707600000, 0x0000000707800000|  0%| F|  |TAMS 0x0000000707600000| PB 0x0000000707600000| Untracked 
|  23|0x0000000707800000, 0x0000000707800000, 0x0000000707a00000|  0%| F|  |TAMS 0x0000000707800000| PB 0x0000000707800000| Untracked 
|  24|0x0000000707a00000, 0x0000000707a00000, 0x0000000707c00000|  0%| F|  |TAMS 0x0000000707a00000| PB 0x0000000707a00000| Untracked 
|  25|0x0000000707c00000, 0x0000000707c00000, 0x0000000707e00000|  0%| F|  |TAMS 0x0000000707c00000| PB 0x0000000707c00000| Untracked 
|  26|0x0000000707e00000, 0x0000000707e00000, 0x0000000708000000|  0%| F|  |TAMS 0x0000000707e00000| PB 0x0000000707e00000| Untracked 
|  27|0x0000000708000000, 0x0000000708000000, 0x0000000708200000|  0%| F|  |TAMS 0x0000000708000000| PB 0x0000000708000000| Untracked 
|  28|0x0000000708200000, 0x0000000708200000, 0x0000000708400000|  0%| F|  |TAMS 0x0000000708200000| PB 0x0000000708200000| Untracked 
|  29|0x0000000708400000, 0x0000000708400000, 0x0000000708600000|  0%| F|  |TAMS 0x0000000708400000| PB 0x0000000708400000| Untracked 
|  30|0x0000000708600000, 0x0000000708600000, 0x0000000708800000|  0%| F|  |TAMS 0x0000000708600000| PB 0x0000000708600000| Untracked 
|  31|0x0000000708800000, 0x0000000708800000, 0x0000000708a00000|  0%| F|  |TAMS 0x0000000708800000| PB 0x0000000708800000| Untracked 
|  32|0x0000000708a00000, 0x0000000708a00000, 0x0000000708c00000|  0%| F|  |TAMS 0x0000000708a00000| PB 0x0000000708a00000| Untracked 
|  33|0x0000000708c00000, 0x0000000708c00000, 0x0000000708e00000|  0%| F|  |TAMS 0x0000000708c00000| PB 0x0000000708c00000| Untracked 
|  34|0x0000000708e00000, 0x0000000708e00000, 0x0000000709000000|  0%| F|  |TAMS 0x0000000708e00000| PB 0x0000000708e00000| Untracked 
|  35|0x0000000709000000, 0x0000000709000000, 0x0000000709200000|  0%| F|  |TAMS 0x0000000709000000| PB 0x0000000709000000| Untracked 
|  36|0x0000000709200000, 0x0000000709200000, 0x0000000709400000|  0%| F|  |TAMS 0x0000000709200000| PB 0x0000000709200000| Untracked 
|  37|0x0000000709400000, 0x0000000709400000, 0x0000000709600000|  0%| F|  |TAMS 0x0000000709400000| PB 0x0000000709400000| Untracked 
|  38|0x0000000709600000, 0x0000000709600000, 0x0000000709800000|  0%| F|  |TAMS 0x0000000709600000| PB 0x0000000709600000| Untracked 
|  39|0x0000000709800000, 0x0000000709800000, 0x0000000709a00000|  0%| F|  |TAMS 0x0000000709800000| PB 0x0000000709800000| Untracked 
|  40|0x0000000709a00000, 0x0000000709a00000, 0x0000000709c00000|  0%| F|  |TAMS 0x0000000709a00000| PB 0x0000000709a00000| Untracked 
|  41|0x0000000709c00000, 0x0000000709c00000, 0x0000000709e00000|  0%| F|  |TAMS 0x0000000709c00000| PB 0x0000000709c00000| Untracked 
|  42|0x0000000709e00000, 0x0000000709e00000, 0x000000070a000000|  0%| F|  |TAMS 0x0000000709e00000| PB 0x0000000709e00000| Untracked 
|  43|0x000000070a000000, 0x000000070a000000, 0x000000070a200000|  0%| F|  |TAMS 0x000000070a000000| PB 0x000000070a000000| Untracked 
|  44|0x000000070a200000, 0x000000070a200000, 0x000000070a400000|  0%| F|  |TAMS 0x000000070a200000| PB 0x000000070a200000| Untracked 
|  45|0x000000070a400000, 0x000000070a400000, 0x000000070a600000|  0%| F|  |TAMS 0x000000070a400000| PB 0x000000070a400000| Untracked 
|  46|0x000000070a600000, 0x000000070a600000, 0x000000070a800000|  0%| F|  |TAMS 0x000000070a600000| PB 0x000000070a600000| Untracked 
|  47|0x000000070a800000, 0x000000070a800000, 0x000000070aa00000|  0%| F|  |TAMS 0x000000070a800000| PB 0x000000070a800000| Untracked 
|  48|0x000000070aa00000, 0x000000070aa00000, 0x000000070ac00000|  0%| F|  |TAMS 0x000000070aa00000| PB 0x000000070aa00000| Untracked 
|  49|0x000000070ac00000, 0x000000070ac00000, 0x000000070ae00000|  0%| F|  |TAMS 0x000000070ac00000| PB 0x000000070ac00000| Untracked 
|  50|0x000000070ae00000, 0x000000070ae00000, 0x000000070b000000|  0%| F|  |TAMS 0x000000070ae00000| PB 0x000000070ae00000| Untracked 
|  51|0x000000070b000000, 0x000000070b000000, 0x000000070b200000|  0%| F|  |TAMS 0x000000070b000000| PB 0x000000070b000000| Untracked 
|  52|0x000000070b200000, 0x000000070b200000, 0x000000070b400000|  0%| F|  |TAMS 0x000000070b200000| PB 0x000000070b200000| Untracked 
|  53|0x000000070b400000, 0x000000070b400000, 0x000000070b600000|  0%| F|  |TAMS 0x000000070b400000| PB 0x000000070b400000| Untracked 
|  54|0x000000070b600000, 0x000000070b600000, 0x000000070b800000|  0%| F|  |TAMS 0x000000070b600000| PB 0x000000070b600000| Untracked 
|  55|0x000000070b800000, 0x000000070b800000, 0x000000070ba00000|  0%| F|  |TAMS 0x000000070b800000| PB 0x000000070b800000| Untracked 
|  56|0x000000070ba00000, 0x000000070ba00000, 0x000000070bc00000|  0%| F|  |TAMS 0x000000070ba00000| PB 0x000000070ba00000| Untracked 
|  57|0x000000070bc00000, 0x000000070bc00000, 0x000000070be00000|  0%| F|  |TAMS 0x000000070bc00000| PB 0x000000070bc00000| Untracked 
|  58|0x000000070be00000, 0x000000070be00000, 0x000000070c000000|  0%| F|  |TAMS 0x000000070be00000| PB 0x000000070be00000| Untracked 
|  59|0x000000070c000000, 0x000000070c000000, 0x000000070c200000|  0%| F|  |TAMS 0x000000070c000000| PB 0x000000070c000000| Untracked 
|  60|0x000000070c200000, 0x000000070c200000, 0x000000070c400000|  0%| F|  |TAMS 0x000000070c200000| PB 0x000000070c200000| Untracked 
|  61|0x000000070c400000, 0x000000070c400000, 0x000000070c600000|  0%| F|  |TAMS 0x000000070c400000| PB 0x000000070c400000| Untracked 
|  62|0x000000070c600000, 0x000000070c600000, 0x000000070c800000|  0%| F|  |TAMS 0x000000070c600000| PB 0x000000070c600000| Untracked 
|  63|0x000000070c800000, 0x000000070c800000, 0x000000070ca00000|  0%| F|  |TAMS 0x000000070c800000| PB 0x000000070c800000| Untracked 
|  64|0x000000070ca00000, 0x000000070ca00000, 0x000000070cc00000|  0%| F|  |TAMS 0x000000070ca00000| PB 0x000000070ca00000| Untracked 
|  65|0x000000070cc00000, 0x000000070cc00000, 0x000000070ce00000|  0%| F|  |TAMS 0x000000070cc00000| PB 0x000000070cc00000| Untracked 
|  66|0x000000070ce00000, 0x000000070ce00000, 0x000000070d000000|  0%| F|  |TAMS 0x000000070ce00000| PB 0x000000070ce00000| Untracked 
|  67|0x000000070d000000, 0x000000070d000000, 0x000000070d200000|  0%| F|  |TAMS 0x000000070d000000| PB 0x000000070d000000| Untracked 
|  68|0x000000070d200000, 0x000000070d200000, 0x000000070d400000|  0%| F|  |TAMS 0x000000070d200000| PB 0x000000070d200000| Untracked 
|  69|0x000000070d400000, 0x000000070d400000, 0x000000070d600000|  0%| F|  |TAMS 0x000000070d400000| PB 0x000000070d400000| Untracked 
|  70|0x000000070d600000, 0x000000070d600000, 0x000000070d800000|  0%| F|  |TAMS 0x000000070d600000| PB 0x000000070d600000| Untracked 
|  71|0x000000070d800000, 0x000000070d800000, 0x000000070da00000|  0%| F|  |TAMS 0x000000070d800000| PB 0x000000070d800000| Untracked 
|  72|0x000000070da00000, 0x000000070da00000, 0x000000070dc00000|  0%| F|  |TAMS 0x000000070da00000| PB 0x000000070da00000| Untracked 
|  73|0x000000070dc00000, 0x000000070dc00000, 0x000000070de00000|  0%| F|  |TAMS 0x000000070dc00000| PB 0x000000070dc00000| Untracked 
|  74|0x000000070de00000, 0x000000070de00000, 0x000000070e000000|  0%| F|  |TAMS 0x000000070de00000| PB 0x000000070de00000| Untracked 
|  75|0x000000070e000000, 0x000000070e000000, 0x000000070e200000|  0%| F|  |TAMS 0x000000070e000000| PB 0x000000070e000000| Untracked 
|  76|0x000000070e200000, 0x000000070e200000, 0x000000070e400000|  0%| F|  |TAMS 0x000000070e200000| PB 0x000000070e200000| Untracked 
|  77|0x000000070e400000, 0x000000070e400000, 0x000000070e600000|  0%| F|  |TAMS 0x000000070e400000| PB 0x000000070e400000| Untracked 
|  78|0x000000070e600000, 0x000000070e600000, 0x000000070e800000|  0%| F|  |TAMS 0x000000070e600000| PB 0x000000070e600000| Untracked 
|  79|0x000000070e800000, 0x000000070e800000, 0x000000070ea00000|  0%| F|  |TAMS 0x000000070e800000| PB 0x000000070e800000| Untracked 
|  80|0x000000070ea00000, 0x000000070ea00000, 0x000000070ec00000|  0%| F|  |TAMS 0x000000070ea00000| PB 0x000000070ea00000| Untracked 
|  81|0x000000070ec00000, 0x000000070ec00000, 0x000000070ee00000|  0%| F|  |TAMS 0x000000070ec00000| PB 0x000000070ec00000| Untracked 
|  82|0x000000070ee00000, 0x000000070ee00000, 0x000000070f000000|  0%| F|  |TAMS 0x000000070ee00000| PB 0x000000070ee00000| Untracked 
|  83|0x000000070f000000, 0x000000070f000000, 0x000000070f200000|  0%| F|  |TAMS 0x000000070f000000| PB 0x000000070f000000| Untracked 
|  84|0x000000070f200000, 0x000000070f200000, 0x000000070f400000|  0%| F|  |TAMS 0x000000070f200000| PB 0x000000070f200000| Untracked 
|  85|0x000000070f400000, 0x000000070f400000, 0x000000070f600000|  0%| F|  |TAMS 0x000000070f400000| PB 0x000000070f400000| Untracked 
|  86|0x000000070f600000, 0x000000070f600000, 0x000000070f800000|  0%| F|  |TAMS 0x000000070f600000| PB 0x000000070f600000| Untracked 
|  87|0x000000070f800000, 0x000000070f800000, 0x000000070fa00000|  0%| F|  |TAMS 0x000000070f800000| PB 0x000000070f800000| Untracked 
|  88|0x000000070fa00000, 0x000000070fa00000, 0x000000070fc00000|  0%| F|  |TAMS 0x000000070fa00000| PB 0x000000070fa00000| Untracked 
|  89|0x000000070fc00000, 0x000000070fc00000, 0x000000070fe00000|  0%| F|  |TAMS 0x000000070fc00000| PB 0x000000070fc00000| Untracked 
|  90|0x000000070fe00000, 0x000000070fe00000, 0x0000000710000000|  0%| F|  |TAMS 0x000000070fe00000| PB 0x000000070fe00000| Untracked 
|  91|0x0000000710000000, 0x0000000710000000, 0x0000000710200000|  0%| F|  |TAMS 0x0000000710000000| PB 0x0000000710000000| Untracked 
|  92|0x0000000710200000, 0x0000000710200000, 0x0000000710400000|  0%| F|  |TAMS 0x0000000710200000| PB 0x0000000710200000| Untracked 
|  93|0x0000000710400000, 0x0000000710400000, 0x0000000710600000|  0%| F|  |TAMS 0x0000000710400000| PB 0x0000000710400000| Untracked 
|  94|0x0000000710600000, 0x0000000710600000, 0x0000000710800000|  0%| F|  |TAMS 0x0000000710600000| PB 0x0000000710600000| Untracked 
|  95|0x0000000710800000, 0x0000000710800000, 0x0000000710a00000|  0%| F|  |TAMS 0x0000000710800000| PB 0x0000000710800000| Untracked 
|  96|0x0000000710a00000, 0x0000000710a00000, 0x0000000710c00000|  0%| F|  |TAMS 0x0000000710a00000| PB 0x0000000710a00000| Untracked 
|  97|0x0000000710c00000, 0x0000000710c00000, 0x0000000710e00000|  0%| F|  |TAMS 0x0000000710c00000| PB 0x0000000710c00000| Untracked 
|  98|0x0000000710e00000, 0x0000000710e00000, 0x0000000711000000|  0%| F|  |TAMS 0x0000000710e00000| PB 0x0000000710e00000| Untracked 
|  99|0x0000000711000000, 0x0000000711000000, 0x0000000711200000|  0%| F|  |TAMS 0x0000000711000000| PB 0x0000000711000000| Untracked 
| 100|0x0000000711200000, 0x0000000711200000, 0x0000000711400000|  0%| F|  |TAMS 0x0000000711200000| PB 0x0000000711200000| Untracked 
| 101|0x0000000711400000, 0x0000000711400000, 0x0000000711600000|  0%| F|  |TAMS 0x0000000711400000| PB 0x0000000711400000| Untracked 
| 102|0x0000000711600000, 0x0000000711600000, 0x0000000711800000|  0%| F|  |TAMS 0x0000000711600000| PB 0x0000000711600000| Untracked 
| 103|0x0000000711800000, 0x0000000711800000, 0x0000000711a00000|  0%| F|  |TAMS 0x0000000711800000| PB 0x0000000711800000| Untracked 
| 104|0x0000000711a00000, 0x0000000711a00000, 0x0000000711c00000|  0%| F|  |TAMS 0x0000000711a00000| PB 0x0000000711a00000| Untracked 
| 105|0x0000000711c00000, 0x0000000711c00000, 0x0000000711e00000|  0%| F|  |TAMS 0x0000000711c00000| PB 0x0000000711c00000| Untracked 
| 106|0x0000000711e00000, 0x0000000711e00000, 0x0000000712000000|  0%| F|  |TAMS 0x0000000711e00000| PB 0x0000000711e00000| Untracked 
| 107|0x0000000712000000, 0x0000000712000000, 0x0000000712200000|  0%| F|  |TAMS 0x0000000712000000| PB 0x0000000712000000| Untracked 
| 108|0x0000000712200000, 0x0000000712200000, 0x0000000712400000|  0%| F|  |TAMS 0x0000000712200000| PB 0x0000000712200000| Untracked 
| 109|0x0000000712400000, 0x0000000712400000, 0x0000000712600000|  0%| F|  |TAMS 0x0000000712400000| PB 0x0000000712400000| Untracked 
| 110|0x0000000712600000, 0x0000000712600000, 0x0000000712800000|  0%| F|  |TAMS 0x0000000712600000| PB 0x0000000712600000| Untracked 
| 111|0x0000000712800000, 0x0000000712800000, 0x0000000712a00000|  0%| F|  |TAMS 0x0000000712800000| PB 0x0000000712800000| Untracked 
| 112|0x0000000712a00000, 0x0000000712a00000, 0x0000000712c00000|  0%| F|  |TAMS 0x0000000712a00000| PB 0x0000000712a00000| Untracked 
| 113|0x0000000712c00000, 0x0000000712c00000, 0x0000000712e00000|  0%| F|  |TAMS 0x0000000712c00000| PB 0x0000000712c00000| Untracked 
| 114|0x0000000712e00000, 0x0000000712e00000, 0x0000000713000000|  0%| F|  |TAMS 0x0000000712e00000| PB 0x0000000712e00000| Untracked 
| 115|0x0000000713000000, 0x0000000713000000, 0x0000000713200000|  0%| F|  |TAMS 0x0000000713000000| PB 0x0000000713000000| Untracked 
| 116|0x0000000713200000, 0x0000000713200000, 0x0000000713400000|  0%| F|  |TAMS 0x0000000713200000| PB 0x0000000713200000| Untracked 
| 117|0x0000000713400000, 0x0000000713400000, 0x0000000713600000|  0%| F|  |TAMS 0x0000000713400000| PB 0x0000000713400000| Untracked 
| 118|0x0000000713600000, 0x0000000713600000, 0x0000000713800000|  0%| F|  |TAMS 0x0000000713600000| PB 0x0000000713600000| Untracked 
| 119|0x0000000713800000, 0x0000000713800000, 0x0000000713a00000|  0%| F|  |TAMS 0x0000000713800000| PB 0x0000000713800000| Untracked 
| 120|0x0000000713a00000, 0x0000000713a00000, 0x0000000713c00000|  0%| F|  |TAMS 0x0000000713a00000| PB 0x0000000713a00000| Untracked 
| 121|0x0000000713c00000, 0x0000000713c00000, 0x0000000713e00000|  0%| F|  |TAMS 0x0000000713c00000| PB 0x0000000713c00000| Untracked 
| 122|0x0000000713e00000, 0x0000000713e00000, 0x0000000714000000|  0%| F|  |TAMS 0x0000000713e00000| PB 0x0000000713e00000| Untracked 
| 123|0x0000000714000000, 0x0000000714000800, 0x0000000714200000|  0%| E|  |TAMS 0x0000000714000000| PB 0x0000000714000000| Complete 
| 124|0x0000000714200000, 0x0000000714400000, 0x0000000714400000|100%| E|CS|TAMS 0x0000000714200000| PB 0x0000000714200000| Complete 
| 125|0x0000000714400000, 0x0000000714600000, 0x0000000714600000|100%| E|CS|TAMS 0x0000000714400000| PB 0x0000000714400000| Complete 

Card table byte_map: [0x0000013d6c070000,0x0000013d6c850000] _byte_map_base: 0x0000013d6884b000

Marking Bits: (CMBitMap*) 0x0000013d53e42910
 Bits: [0x0000013d6c850000, 0x0000013d70728000)

Polling page: 0x0000013d51bb0000

Metaspace:

Usage:
  Non-class:    867.77 KB used.
      Class:     74.73 KB used.
       Both:    942.51 KB used.

Virtual space:
  Non-class space:       64.00 MB reserved,     960.00 KB (  1%) committed,  1 nodes.
      Class space:        1.00 GB reserved,     128.00 KB ( <1%) committed,  1 nodes.
             Both:        1.06 GB reserved,       1.06 MB ( <1%) committed. 

Chunk freelists:
   Non-Class:  11.92 MB
       Class:  15.71 MB
        Both:  27.63 MB

MaxMetaspaceSize: unlimited
CompressedClassSpaceSize: 1.00 GB
Initial GC threshold: 21.00 MB
Current GC threshold: 21.00 MB
CDS: on
 - commit_granule_bytes: 65536.
 - commit_granule_words: 8192.
 - virtual_space_node_default_size: 8388608.
 - enlarge_chunks_in_place: 1.
 - use_allocation_guard: 0.


Internal statistics:

num_allocs_failed_limit: 0.
num_arena_births: 70.
num_arena_deaths: 0.
num_vsnodes_births: 2.
num_vsnodes_deaths: 0.
num_space_committed: 17.
num_space_uncommitted: 0.
num_chunks_returned_to_freelist: 0.
num_chunks_taken_from_freelist: 96.
num_chunk_merges: 0.
num_chunk_splits: 53.
num_chunks_enlarged: 11.
num_inconsistent_stats: 0.

CodeHeap 'non-profiled nmethods': size=120000Kb used=105Kb max_used=105Kb free=119894Kb
 bounds [0x0000013d63ce0000, 0x0000013d63f50000, 0x0000013d6b210000]
CodeHeap 'profiled nmethods': size=120000Kb used=263Kb max_used=263Kb free=119736Kb
 bounds [0x0000013d5c210000, 0x0000013d5c480000, 0x0000013d63740000]
CodeHeap 'non-nmethods': size=5760Kb used=1305Kb max_used=1316Kb free=4454Kb
 bounds [0x0000013d63740000, 0x0000013d639b0000, 0x0000013d63ce0000]
 total_blobs=673 nmethods=254 adapters=324
 compilation: enabled
              stopped_count=0, restarted_count=0
 full_count=0

Compilation events (20 events):
Event: 0.248 Thread 0x0000013d7357e610 nmethod 242 0x0000013d63cf9610 code [0x0000013d63cf97a0, 0x0000013d63cf9870]
Event: 0.248 Thread 0x0000013d7357e610  243       3       java.lang.invoke.LambdaForm$Name::useCount (51 bytes)
Event: 0.249 Thread 0x0000013d7357e610 nmethod 243 0x0000013d5c24da10 code [0x0000013d5c24dbc0, 0x0000013d5c24de40]
Event: 0.249 Thread 0x0000013d7357e610  244       3       jdk.internal.org.objectweb.asm.Frame::push (109 bytes)
Event: 0.250 Thread 0x0000013d7357e610 nmethod 244 0x0000013d5c24df90 code [0x0000013d5c24e160, 0x0000013d5c24e700]
Event: 0.250 Thread 0x0000013d7357e610  248       3       java.util.Arrays::equals (57 bytes)
Event: 0.251 Thread 0x0000013d7357b3c0  253       4       jdk.internal.org.objectweb.asm.ByteVector::putUTF8 (144 bytes)
Event: 0.251 Thread 0x0000013d7357e610 nmethod 248 0x0000013d5c24e910 code [0x0000013d5c24eb00, 0x0000013d5c24f0d8]
Event: 0.252 Thread 0x0000013d7357e610  246       3       jdk.internal.org.objectweb.asm.ByteVector::putInt (74 bytes)
Event: 0.252 Thread 0x0000013d7357e610 nmethod 246 0x0000013d5c24f290 code [0x0000013d5c24f440, 0x0000013d5c24f6a0]
Event: 0.252 Thread 0x0000013d7357e610  252       3       jdk.internal.org.objectweb.asm.SymbolTable::addConstantClass (8 bytes)
Event: 0.253 Thread 0x0000013d7357e610 nmethod 252 0x0000013d5c24f810 code [0x0000013d5c24f9c0, 0x0000013d5c24fb08]
Event: 0.253 Thread 0x0000013d7357e610  245       3       java.lang.invoke.InvokerBytecodeGenerator::emitImplicitConversion (161 bytes)
Event: 0.254 Thread 0x0000013d7357e610 nmethod 245 0x0000013d5c24fb90 code [0x0000013d5c24fec0, 0x0000013d5c250ce0]
Event: 0.254 Thread 0x0000013d7357e610  249       3       java.lang.AbstractStringBuilder::<init> (39 bytes)
Event: 0.254 Thread 0x0000013d7357e610 nmethod 249 0x0000013d5c251210 code [0x0000013d5c2513c0, 0x0000013d5c251650]
Event: 0.254 Thread 0x0000013d7357e610  255       3       java.lang.invoke.MemberName::isResolved (13 bytes)
Event: 0.254 Thread 0x0000013d7357e610 nmethod 255 0x0000013d5c251710 code [0x0000013d5c2518a0, 0x0000013d5c251a10]
Event: 0.254 Thread 0x0000013d7357e610  250       3       java.lang.StringBuilder::toString (9 bytes)
Event: 0.254 Thread 0x0000013d7357e610 nmethod 250 0x0000013d5c251a90 code [0x0000013d5c251c40, 0x0000013d5c251e50]

GC Heap History (0 events):
No events

Dll operation events (9 events):
Event: 0.028 Loaded shared library C:\Program Files\Java\jdk-21\bin\java.dll
Event: 0.081 Loaded shared library C:\Program Files\Java\jdk-21\bin\jsvml.dll
Event: 0.152 Loaded shared library C:\Program Files\Java\jdk-21\bin\zip.dll
Event: 0.160 Loaded shared library C:\Program Files\Java\jdk-21\bin\instrument.dll
Event: 0.175 Loaded shared library C:\Program Files\Java\jdk-21\bin\net.dll
Event: 0.181 Loaded shared library C:\Program Files\Java\jdk-21\bin\nio.dll
Event: 0.188 Loaded shared library C:\Program Files\Java\jdk-21\bin\zip.dll
Event: 0.205 Loaded shared library C:\Program Files (x86)\JetBrains\IntelliJ IDEA Community Edition 2023.2.2\bin\breakgen64.dll
Event: 0.242 Loaded shared library C:\Program Files\Java\jdk-21\bin\extnet.dll

Deoptimization events (4 events):
Event: 0.217 Thread 0x0000013d53dd8620 Uncommon trap: trap_request=0xffffff45 fr.pc=0x0000013d63cf03e4 relative=0x00000000000000c4
Event: 0.217 Thread 0x0000013d53dd8620 Uncommon trap: reason=unstable_if action=reinterpret pc=0x0000013d63cf03e4 method=java.lang.String.isLatin1()Z @ 10 c2
Event: 0.217 Thread 0x0000013d53dd8620 DEOPT PACKING pc=0x0000013d63cf03e4 sp=0x0000000febbfebf0
Event: 0.217 Thread 0x0000013d53dd8620 DEOPT UNPACKING pc=0x0000013d637946a2 sp=0x0000000febbfeb30 mode 2

Classes loaded (20 events):
Event: 0.246 Loading class sun/net/NetProperties done
Event: 0.246 Loading class sun/net/NetProperties$1
Event: 0.246 Loading class sun/net/NetProperties$1 done
Event: 0.250 Loading class sun/net/spi/DefaultProxySelector$NonProxyInfo
Event: 0.250 Loading class sun/net/spi/DefaultProxySelector$NonProxyInfo done
Event: 0.250 Loading class sun/net/spi/DefaultProxySelector$3
Event: 0.250 Loading class sun/net/spi/DefaultProxySelector$3 done
Event: 0.250 Loading class sun/net/NetHooks
Event: 0.250 Loading class sun/net/NetHooks done
Event: 0.251 Loading class sun/nio/ch/NativeThread
Event: 0.251 Loading class sun/nio/ch/NativeThread done
Event: 0.252 Loading class java/io/BufferedReader
Event: 0.252 Loading class java/io/BufferedReader done
Event: 0.252 Loading class java/net/Socket$SocketInputStream
Event: 0.253 Loading class java/net/Socket$SocketInputStream done
Event: 0.253 Loading class sun/nio/ch/NioSocketImpl$1
Event: 0.253 Loading class sun/nio/ch/NioSocketImpl$1 done
Event: 0.254 Loading class sun/nio/cs/StreamDecoder
Event: 0.255 Loading class sun/nio/cs/StreamDecoder done
Event: 0.255 Loading class sun/nio/cs/US_ASCII$Decoder

Classes unloaded (0 events):
No events

Classes redefined (1 events):
Event: 0.213 Thread 0x0000013d733229a0 redefined class name=java.io.FileOutputStream, count=1

Internal exceptions (4 events):
Event: 0.190 Thread 0x0000013d53dd8620 Exception <a 'java/lang/NoSuchMethodError'{0x00000007142f9930}: 'void java.lang.invoke.DirectMethodHandle$Holder.invokeStatic(java.lang.Object, java.lang.Object, java.lang.Object)'> (0x00000007142f9930) 
thrown [s\open\src\hotspot\share\interpreter\linkResolver.cpp, line 773]
Event: 0.198 Thread 0x0000013d53dd8620 Exception <a 'java/lang/NoSuchMethodError'{0x0000000714310e38}: 'java.lang.Object java.lang.invoke.Invokers$Holder.invokeExact_MT(java.lang.Object, java.lang.Object, java.lang.Object, java.lang.Object, java.lang.Object)'> (0x0000000714310e38) 
thrown [s\open\src\hotspot\share\interpreter\linkResolver.cpp, line 773]
Event: 0.243 Thread 0x0000013d73777630 Exception <a 'java/lang/NoSuchMethodError'{0x000000071435ac10}: 'void java.lang.invoke.DirectMethodHandle$Holder.invokeStatic(java.lang.Object, java.lang.Object)'> (0x000000071435ac10) 
thrown [s\open\src\hotspot\share\interpreter\linkResolver.cpp, line 773]
Event: 0.250 Thread 0x0000013d53dd8620 Exception <a 'java/lang/NoSuchMethodError'{0x00000007143e7bd0}: 'java.lang.Object java.lang.invoke.DirectMethodHandle$Holder.invokeSpecial(java.lang.Object, java.lang.Object, int, java.lang.Object, java.lang.Object)'> (0x00000007143e7bd0) 
thrown [s\open\src\hotspot\share\interpreter\linkResolver.cpp, line 773]

ZGC Phase Switch (0 events):
No events

VM Operations (2 events):
Event: 0.213 Executing VM operation: RedefineClasses
Event: 0.214 Executing VM operation: RedefineClasses done

Events (15 events):
Event: 0.051 Thread 0x0000013d53dd8620 Thread added: 0x0000013d53dd8620
Event: 0.077 Thread 0x0000013d73348fb0 Thread added: 0x0000013d73348fb0
Event: 0.077 Thread 0x0000013d73349c10 Thread added: 0x0000013d73349c10
Event: 0.077 Thread 0x0000013d7334a870 Thread added: 0x0000013d7334a870
Event: 0.077 Thread 0x0000013d73573d30 Thread added: 0x0000013d73573d30
Event: 0.077 Thread 0x0000013d73574790 Thread added: 0x0000013d73574790
Event: 0.077 Thread 0x0000013d7357a630 Thread added: 0x0000013d7357a630
Event: 0.078 Thread 0x0000013d7357b3c0 Thread added: 0x0000013d7357b3c0
Event: 0.078 Thread 0x0000013d7357e610 Thread added: 0x0000013d7357e610
Event: 0.122 Thread 0x0000013d73686ec0 Thread added: 0x0000013d73686ec0
Event: 0.206 Thread 0x0000013d73777630 Thread added: 0x0000013d73777630
Event: 0.215 Thread 0x0000013d7377ec40 Thread added: 0x0000013d7377ec40
Event: 0.254 Thread 0x0000013d53dd8620 Thread exited: 0x0000013d53dd8620
Event: 0.254 Thread 0x0000013d53dd8620 Thread added: 0x0000013d53dd8620
Event: 0.255 Thread 0x0000013d53dd8620 Thread exited: 0x0000013d53dd8620


Dynamic libraries:
0x00007ff75d840000 - 0x00007ff75d850000 	C:\Program Files\Java\jdk-21\bin\java.exe
0x00007ff8a0bd0000 - 0x00007ff8a0dc8000 	C:\Windows\SYSTEM32\ntdll.dll
0x00007ff8a0930000 - 0x00007ff8a09ed000 	C:\Windows\System32\KERNEL32.DLL
0x00007ff8a0630000 - 0x00007ff8a0926000 	C:\Windows\System32\KERNELBASE.dll
0x00000000773d0000 - 0x000000007740b000 	C:\Windows\System32\cyinjct.dll
0x00007ff8a04b0000 - 0x00007ff8a04bc000 	C:\Windows\System32\ntnativeapi.dll
0x00007ff895240000 - 0x00007ff895259000 	C:\Program Files\Java\jdk-21\bin\jli.dll
0x00007ff8a0280000 - 0x00007ff8a032e000 	C:\Windows\System32\ADVAPI32.dll
0x00007ff89f3c0000 - 0x00007ff89f45e000 	C:\Windows\System32\msvcrt.dll
0x00007ff8a0000000 - 0x00007ff8a009c000 	C:\Windows\System32\sechost.dll
0x00007ff8a0500000 - 0x00007ff8a0626000 	C:\Windows\System32\RPCRT4.dll
0x0000013d51830000 - 0x0000013d519ce000 	C:\Windows\System32\USER32.dll
0x00007ff89e580000 - 0x00007ff89e5a2000 	C:\Windows\System32\win32u.dll
0x00007ff8a0250000 - 0x00007ff8a027c000 	C:\Windows\System32\GDI32.dll
0x00007ff89e310000 - 0x00007ff89e42a000 	C:\Windows\System32\gdi32full.dll
0x00007ff89e190000 - 0x00007ff89e22d000 	C:\Windows\System32\msvcp_win.dll
0x0000013d519d0000 - 0x0000013d51ad0000 	C:\Windows\System32\ucrtbase.dll
0x00007ff8951d0000 - 0x00007ff8951eb000 	C:\Program Files\Java\jdk-21\bin\VCRUNTIME140.dll
0x00007ff8867a0000 - 0x00007ff886a3a000 	C:\Windows\WinSxS\amd64_microsoft.windows.common-controls_6595b64144ccf1df_6.0.19041.1110_none_60b5254171f9507e\COMCTL32.dll
0x00007ff89c520000 - 0x00007ff89c52a000 	C:\Windows\SYSTEM32\VERSION.dll
0x00007ff8a0490000 - 0x00007ff8a04ae000 	C:\Windows\System32\cyvera.dll
0x00007ff8a0420000 - 0x00007ff8a048b000 	C:\Windows\System32\cyvrtrap.dll
0x00007ff89ffd0000 - 0x00007ff8a0000000 	C:\Windows\System32\IMM32.DLL
0x00007ff890210000 - 0x00007ff890248000 	C:\Program Files\CyberArk\Endpoint Privilege Manager\Agent\PASAgent\SFDP_Detours64.dll
0x00007ff895230000 - 0x00007ff89523c000 	C:\Program Files\Java\jdk-21\bin\vcruntime140_1.dll
0x00007ff882130000 - 0x00007ff8821be000 	C:\Program Files\Java\jdk-21\bin\msvcp140.dll
0x00007ff81c420000 - 0x00007ff81d133000 	C:\Program Files\Java\jdk-21\bin\server\jvm.dll
0x00007ff8a01e0000 - 0x00007ff8a024b000 	C:\Windows\System32\WS2_32.dll
0x00007ff89ded0000 - 0x00007ff89df1b000 	C:\Windows\SYSTEM32\POWRPROF.dll
0x00007ff895d00000 - 0x00007ff895d27000 	C:\Windows\SYSTEM32\WINMM.dll
0x00007ff89deb0000 - 0x00007ff89dec2000 	C:\Windows\SYSTEM32\UMPDC.dll
0x00007ff89b690000 - 0x00007ff89b6a2000 	C:\Windows\SYSTEM32\kernel.appcore.dll
0x00007ff895190000 - 0x00007ff89519a000 	C:\Program Files\Java\jdk-21\bin\jimage.dll
0x00007ff89b3c0000 - 0x00007ff89b5a4000 	C:\Windows\SYSTEM32\DBGHELP.DLL
0x00007ff895cc0000 - 0x00007ff895cf4000 	C:\Windows\SYSTEM32\dbgcore.DLL
0x00007ff89e4f0000 - 0x00007ff89e572000 	C:\Windows\System32\bcryptPrimitives.dll
0x00007ff894090000 - 0x00007ff89409f000 	C:\Program Files\Java\jdk-21\bin\instrument.dll
0x00007ff895170000 - 0x00007ff89518f000 	C:\Program Files\Java\jdk-21\bin\java.dll
0x00007ff8a03e0000 - 0x00007ff8a0417000 	C:\Program Files\Palo Alto Networks\Traps\cyjagent.dll
0x00007ff89f880000 - 0x00007ff89ffc5000 	C:\Windows\System32\SHELL32.dll
0x00007ff89bd60000 - 0x00007ff89c4fb000 	C:\Windows\SYSTEM32\windows.storage.dll
0x00007ff89e900000 - 0x00007ff89ec54000 	C:\Windows\System32\combase.dll
0x00007ff89db60000 - 0x00007ff89db8e000 	C:\Windows\SYSTEM32\Wldp.dll
0x00007ff8a0330000 - 0x00007ff8a03dd000 	C:\Windows\System32\SHCORE.dll
0x00007ff89e8a0000 - 0x00007ff89e8f5000 	C:\Windows\System32\shlwapi.dll
0x00007ff89e0c0000 - 0x00007ff89e0e5000 	C:\Windows\SYSTEM32\profapi.dll
0x00007ff864020000 - 0x00007ff8640f7000 	C:\Program Files\Java\jdk-21\bin\jsvml.dll
0x00007ff871650000 - 0x00007ff871668000 	C:\Program Files\Java\jdk-21\bin\zip.dll
0x00007ff890b70000 - 0x00007ff890b80000 	C:\Program Files\Java\jdk-21\bin\net.dll
0x00007ff89d0f0000 - 0x00007ff89d1fa000 	C:\Windows\SYSTEM32\WINHTTP.dll
0x00007ff89d8c0000 - 0x00007ff89d92a000 	C:\Windows\system32\mswsock.dll
0x00007ff871580000 - 0x00007ff871596000 	C:\Program Files\Java\jdk-21\bin\nio.dll
0x00007ff871560000 - 0x00007ff87157a000 	C:\Program Files (x86)\JetBrains\IntelliJ IDEA Community Edition 2023.2.2\bin\breakgen64.dll
0x00007ff88ed40000 - 0x00007ff88ed47000 	C:\Program Files\Java\jdk-21\bin\extnet.dll

dbghelp: loaded successfully - version: 4.0.5 - missing functions: none
symbol engine: initialized successfully - sym options: 0x614 - pdb path: .;C:\Program Files\Java\jdk-21\bin;C:\Windows\SYSTEM32;C:\Windows\WinSxS\amd64_microsoft.windows.common-controls_6595b64144ccf1df_6.0.19041.1110_none_60b5254171f9507e;C:\Program Files\CyberArk\Endpoint Privilege Manager\Agent\PASAgent;C:\Program Files\Java\jdk-21\bin\server;C:\Program Files\Palo Alto Networks\Traps;C:\Program Files (x86)\JetBrains\IntelliJ IDEA Community Edition 2023.2.2\bin

VM Arguments:
jvm_args: -javaagent:C:\Program Files (x86)\JetBrains\IntelliJ IDEA Community Edition 2023.2.2\lib\idea_rt.jar=63368:C:\Program Files (x86)\JetBrains\IntelliJ IDEA Community Edition 2023.2.2\bin -Dfile.encoding=UTF-8 -Dsun.stdout.encoding=UTF-8 -Dsun.stderr.encoding=UTF-8 -agentpath:C:\Program Files\Palo Alto Networks\Traps\cyjagent.dll 
java_command: Homework.Main
java_class_path (initial): C:\Users\amammadzada\JAVA COURSE\homework\OOP_1\out\production\OOP_1
Launcher Type: SUN_STANDARD

[Global flags]
     intx CICompilerCount                          = 4                                         {product} {ergonomic}
     uint ConcGCThreads                            = 3                                         {product} {ergonomic}
     uint G1ConcRefinementThreads                  = 10                                        {product} {ergonomic}
   size_t G1HeapRegionSize                         = 2097152                                   {product} {ergonomic}
    uintx GCDrainStackTargetSize                   = 64                                        {product} {ergonomic}
   size_t InitialHeapSize                          = 264241152                                 {product} {ergonomic}
   size_t MarkStackSize                            = 4194304                                   {product} {ergonomic}
   size_t MaxHeapSize                              = 4217372672                                {product} {ergonomic}
   size_t MaxNewSize                               = 2529165312                                {product} {ergonomic}
   size_t MinHeapDeltaBytes                        = 2097152                                   {product} {ergonomic}
   size_t MinHeapSize                              = 8388608                                   {product} {ergonomic}
    uintx NonNMethodCodeHeapSize                   = 5839372                                {pd product} {ergonomic}
    uintx NonProfiledCodeHeapSize                  = 122909434                              {pd product} {ergonomic}
    uintx ProfiledCodeHeapSize                     = 122909434                              {pd product} {ergonomic}
    uintx ReservedCodeCacheSize                    = 251658240                              {pd product} {ergonomic}
     bool SegmentedCodeCache                       = true                                      {product} {ergonomic}
   size_t SoftMaxHeapSize                          = 4217372672                             {manageable} {ergonomic}
     bool UseCompressedOops                        = true                           {product lp64_product} {ergonomic}
     bool UseG1GC                                  = true                                      {product} {ergonomic}
     bool UseLargePagesIndividualAllocation        = false                                  {pd product} {ergonomic}

Logging:
Log output configuration:
 #0: stdout all=warning uptime,level,tags foldmultilines=false
 #1: stderr all=off uptime,level,tags foldmultilines=false

Environment Variables:
PATH=C:\Program Files\Common Files\Oracle\Java\javapath;C:\app\client\rmayilov\product\19.0.0\client_1\bin;C:\Windows\system32;C:\Windows;C:\Windows\System32\Wbem;C:\Windows\System32\WindowsPowerShell\v1.0\;C:\Windows\System32\OpenSSH\;C:\Program Files (x86)\NetSarang\Xshell 7\;C:\Users\amammadzada\AppData\Local\Microsoft\WindowsApps;
USERNAME=amammadzada
OS=Windows_NT
PROCESSOR_IDENTIFIER=Intel64 Family 6 Model 154 Stepping 4, GenuineIntel
TMP=C:\Users\AMAMMA~1\AppData\Local\Temp
TEMP=C:\Users\AMAMMA~1\AppData\Local\Temp




---------------  S Y S T E M  ---------------

OS:
 Windows 10 , 64 bit Build 19041 (10.0.19041.3393)
OS uptime: 0 days 5:45 hours

CPU: total 12 (initial active 12) (6 cores per cpu, 2 threads per core) family 6 model 154 stepping 4 microcode 0x42a, cx8, cmov, fxsr, ht, mmx, 3dnowpref, sse, sse2, sse3, ssse3, sse4.1, sse4.2, popcnt, lzcnt, tsc, tscinvbit, avx, avx2, aes, erms, clmul, bmi1, bmi2, adx, sha, fma, vzeroupper, clflush, clflushopt, clwb, serialize, rdtscp, rdpid, fsrm, f16c, pku, cet_ibt, cet_ss
Processor Information for processor 0
  Max Mhz: 1300, Current Mhz: 893, Mhz Limit: 858
Processor Information for processor 1
  Max Mhz: 1300, Current Mhz: 893, Mhz Limit: 858
Processor Information for processor 2
  Max Mhz: 1300, Current Mhz: 893, Mhz Limit: 884
Processor Information for processor 3
  Max Mhz: 1300, Current Mhz: 893, Mhz Limit: 884
Processor Information for processor 4
  Max Mhz: 1300, Current Mhz: 866, Mhz Limit: 858
Processor Information for processor 5
  Max Mhz: 1300, Current Mhz: 866, Mhz Limit: 858
Processor Information for processor 6
  Max Mhz: 1300, Current Mhz: 866, Mhz Limit: 858
Processor Information for processor 7
  Max Mhz: 1300, Current Mhz: 866, Mhz Limit: 858
Processor Information for processor 8
  Max Mhz: 1300, Current Mhz: 866, Mhz Limit: 858
Processor Information for processor 9
  Max Mhz: 1300, Current Mhz: 866, Mhz Limit: 858
Processor Information for processor 10
  Max Mhz: 1300, Current Mhz: 866, Mhz Limit: 858
Processor Information for processor 11
  Max Mhz: 1300, Current Mhz: 866, Mhz Limit: 858

Memory: 4k page, system-wide physical 16083M (5469M free)
TotalPageFile size 20179M (AvailPageFile size 4230M)
current process WorkingSet (physical memory assigned to process): 42M, peak: 42M
current process commit charge ("private bytes"): 343M, peak: 343M

vm_info: Java HotSpot(TM) 64-Bit Server VM (21+35-LTS-2513) for windows-amd64 JRE (21+35-LTS-2513), built on 2023-08-09T20:25:10Z by "mach5one" with MS VC++ 17.1 (VS2022)

END.
